0 info it worked if it ends with ok
1 verbose cli [ '/usr/local/bin/node', '/usr/local/bin/npm', 'run', 'start' ]
2 info using npm@3.10.9
3 info using node@v6.6.0
4 verbose run-script [ 'prestart', 'start', 'poststart' ]
5 info lifecycle redux-simple-starter@1.0.0~prestart: redux-simple-starter@1.0.0
6 silly lifecycle redux-simple-starter@1.0.0~prestart: no script for prestart, continuing
7 info lifecycle redux-simple-starter@1.0.0~start: redux-simple-starter@1.0.0
8 verbose lifecycle redux-simple-starter@1.0.0~start: unsafe-perm in lifecycle true
9 verbose lifecycle redux-simple-starter@1.0.0~start: PATH: /usr/local/lib/node_modules/npm/bin/node-gyp-bin:/Users/Amrut/Courses/Udemy/Udemy_Courses/AdvancedReactandRedux/hoc/node_modules/.bin:/Users/Amrut/anaconda/bin:/Users/Amrut/Softwares/apache-maven-3.5.0/bin:/Library/Frameworks/Python.framework/Versions/3.5/bin:/Users/Amrut/Softwares/adt-bundle/sdk/tools:/Users/Amrut/Softwares/adt-bundle/sdk/platform-tools:/opt/local/bin:/opt/local/sbin:/Library/Frameworks/Python.framework/Versions/2.7/bin:/Users/Amrut/Applications/sbt/bin:/usr/bin:/bin:/usr/sbin:/sbin:/usr/local/bin:/Users/Amrut/Softwares/adt-bundle-mac-x86_64-20140624/sdk/platform-tools:/Users/Amrut/Softwares/adt-bundle-mac-x86_64-20140624/sdk/tools:/opt/X11/bin:/usr/local/git/bin:/usr/local/MacGPG2/bin:/usr/texbin:/usr/local/ec2/ec2-api-tools-1.6.13.0/bin:/Users/Amrut/Downloads/hadoop-1.1.2/src/bin:/Library/Java/JavaVirtulMachines/jdk1.7.0_45.jdk/Contents/Home/bin/java
10 verbose lifecycle redux-simple-starter@1.0.0~start: CWD: /Users/Amrut/Courses/Udemy/Udemy_Courses/AdvancedReactandRedux/hoc
11 silly lifecycle redux-simple-starter@1.0.0~start: Args: [ '-c',
11 silly lifecycle   'node ./node_modules/webpack-dev-server/bin/webpack-dev-server.js' ]
12 silly lifecycle redux-simple-starter@1.0.0~start: Returned: code: 1  signal: null
13 info lifecycle redux-simple-starter@1.0.0~start: Failed to exec start script
14 verbose stack Error: redux-simple-starter@1.0.0 start: `node ./node_modules/webpack-dev-server/bin/webpack-dev-server.js`
14 verbose stack Exit status 1
14 verbose stack     at EventEmitter.<anonymous> (/usr/local/lib/node_modules/npm/lib/utils/lifecycle.js:255:16)
14 verbose stack     at emitTwo (events.js:106:13)
14 verbose stack     at EventEmitter.emit (events.js:191:7)
14 verbose stack     at ChildProcess.<anonymous> (/usr/local/lib/node_modules/npm/lib/utils/spawn.js:40:14)
14 verbose stack     at emitTwo (events.js:106:13)
14 verbose stack     at ChildProcess.emit (events.js:191:7)
14 verbose stack     at maybeClose (internal/child_process.js:877:16)
14 verbose stack     at Process.ChildProcess._handle.onexit (internal/child_process.js:226:5)
15 verbose pkgid redux-simple-starter@1.0.0
16 verbose cwd /Users/Amrut/Courses/Udemy/Udemy_Courses/AdvancedReactandRedux/hoc
17 error Darwin 15.6.0
18 error argv "/usr/local/bin/node" "/usr/local/bin/npm" "run" "start"
19 error node v6.6.0
20 error npm  v3.10.9
21 error code ELIFECYCLE
22 error redux-simple-starter@1.0.0 start: `node ./node_modules/webpack-dev-server/bin/webpack-dev-server.js`
22 error Exit status 1
23 error Failed at the redux-simple-starter@1.0.0 start script 'node ./node_modules/webpack-dev-server/bin/webpack-dev-server.js'.
23 error Make sure you have the latest version of node.js and npm installed.
23 error If you do, this is most likely a problem with the redux-simple-starter package,
23 error not with npm itself.
23 error Tell the author that this fails on your system:
23 error     node ./node_modules/webpack-dev-server/bin/webpack-dev-server.js
23 error You can get information on how to open an issue for this project with:
23 error     npm bugs redux-simple-starter
23 error Or if that isn't available, you can get their info via:
23 error     npm owner ls redux-simple-starter
23 error There is likely additional logging output above.
24 verbose exit [ 1, true ]
